<?xml version="1.0" encoding="UTF-8"?>
<beans xmlns:xsi="http://www.w3.org/2001/XMLSchema-instance"
       xmlns="http://www.springframework.org/schema/beans"
       xmlns:jdbc="http://www.springframework.org/schema/jdbc"
       xsi:schemaLocation="http://www.springframework.org/schema/beans
       http://www.springframework.org/schema/beans/spring-beans.xsd
       http://www.springframework.org/schema/jdbc
       http://www.springframework.org/schema/jdbc/spring-jdbc.xsd">

    <bean id="namedParameterJdbcTemplate" class="org.springframework.jdbc.core.namedparam.NamedParameterJdbcTemplate">
        <constructor-arg name="dataSource" ref="dataSource"/>
    </bean>
    <bean id="departmentDao" class="com.epam.brest.course.dao.DepartmentDaoImpl">
        <constructor-arg ref="namedParameterJdbcTemplate"/>
    </bean>
    <bean id="employeeDao" class="com.epam.brest.course.dao.EmployeeDaoImpl">
        <constructor-arg ref="namedParameterJdbcTemplate"/>
    </bean>
</beans>